0 info it worked if it ends with ok
1 verbose cli [ '/usr/local/bin/node',
1 verbose cli   '/usr/local/bin/npm',
1 verbose cli   'version',
1 verbose cli   'patch' ]
2 info using npm@3.9.3
3 info using node@v4.1.2
4 info git [ 'status', '--porcelain' ]
5 info lifecycle angular-off-click@1.0.1~preversion: angular-off-click@1.0.1
6 silly lifecycle angular-off-click@1.0.1~preversion: no script for preversion, continuing
7 verbose version.write data { name: 'angular-off-click',
7 verbose version.write   version: '1.0.1',
7 verbose version.write   repository: { type: 'git' },
7 verbose version.write   main: [ './dist/angular-off-click.js' ],
7 verbose version.write   scripts: { build: 'gulp build' },
7 verbose version.write   keywords: [ 'angular', 'off', 'click' ],
7 verbose version.write   author: { name: 'Evan Sharp', url: 'https://github.com/TheSharpieOne' },
7 verbose version.write   contributors:
7 verbose version.write    [ { name: 'Ricardo Marques',
7 verbose version.write        url: 'https://github.com/RicardoAlmeidaMarques' } ],
7 verbose version.write   license: 'MIT',
7 verbose version.write   dependencies: { angular: '*' },
7 verbose version.write   devDependencies:
7 verbose version.write    { 'babel-preset-es2015': '^6.9.0',
7 verbose version.write      gulp: '^3.9.1',
7 verbose version.write      'gulp-babel': '^6.1.2',
7 verbose version.write      'gulp-concat': '^2.6.0',
7 verbose version.write      'gulp-ng-annotate': '^2.0.0',
7 verbose version.write      'gulp-rename': '^1.2.2',
7 verbose version.write      'gulp-uglify': '^1.5.3' } } to package.json
8 info lifecycle angular-off-click@1.0.1~version: angular-off-click@1.0.1
9 silly lifecycle angular-off-click@1.0.1~version: no script for version, continuing
10 info git [ 'add',
10 info git   '/Users/ricardo.marques/Projects/angular-off-click/package.json' ]
11 info git [ 'commit', '-m', '1.0.1' ]
12 info git [ 'tag', 'v1.0.1', '-am', '1.0.1' ]
13 verbose stack Error: Command failed: git tag v1.0.1 -am 1.0.1
13 verbose stack fatal: tag 'v1.0.1' already exists
13 verbose stack
13 verbose stack     at ChildProcess.exithandler (child_process.js:203:12)
13 verbose stack     at emitTwo (events.js:87:13)
13 verbose stack     at ChildProcess.emit (events.js:172:7)
13 verbose stack     at maybeClose (internal/child_process.js:818:16)
13 verbose stack     at Socket.<anonymous> (internal/child_process.js:319:11)
13 verbose stack     at emitOne (events.js:77:13)
13 verbose stack     at Socket.emit (events.js:169:7)
13 verbose stack     at Pipe._onclose (net.js:469:12)
14 verbose cwd /Users/ricardo.marques/Projects/angular-off-click
15 error Darwin 14.5.0
16 error argv "/usr/local/bin/node" "/usr/local/bin/npm" "version" "patch"
17 error node v4.1.2
18 error npm  v3.9.3
19 error code 128
20 error Command failed: git tag v1.0.1 -am 1.0.1
20 error fatal: tag 'v1.0.1' already exists
21 error If you need help, you may report this error at:
21 error     <https://github.com/npm/npm/issues>
22 verbose exit [ 1, true ]
